<?xml version="1.0" encoding="UTF-8"?>
<testng-results ignored="0" total="2" passed="2" failed="0" skipped="0">
  <reporter-output>
  </reporter-output>
  <suite started-at="2025-01-04T16:40:56 CET" name="Default suite" finished-at="2025-01-04T16:41:33 CET" duration-ms="37379">
    <groups>
      <group name="cucumber">
        <method signature="AbstractTestNGCucumberTests.runScenario(io.cucumber.testng.PickleWrapper,io.cucumber.testng.FeatureWrapper)[pri:0, instance:RunLanguageTest@687e99d8]" name="runScenario" class="io.cucumber.testng.AbstractTestNGCucumberTests"/>
      </group> <!-- cucumber -->
    </groups>
    <test started-at="2025-01-04T16:40:56 CET" name="Default test" finished-at="2025-01-04T16:41:33 CET" duration-ms="37379">
      <class name="RunLanguageTest">
        <test-method is-config="true" signature="setUpClass(org.testng.ITestContext)[pri:0, instance:RunLanguageTest@687e99d8]" started-at="2025-01-04T16:40:56 CET" name="setUpClass" finished-at="2025-01-04T16:40:56 CET" duration-ms="139" status="PASS">
          <params>
            <param index="0">
              <value>
                <![CDATA[org.testng.TestRunner@25b865b5]]>
              </value>
            </param>
          </params>
          <reporter-output>
          </reporter-output>
        </test-method> <!-- setUpClass -->
        <test-method signature="runScenario(io.cucumber.testng.PickleWrapper,io.cucumber.testng.FeatureWrapper)[pri:0, instance:RunLanguageTest@687e99d8]" started-at="2025-01-04T16:40:56 CET" name="runScenario" description="Runs Cucumber Scenarios" data-provider="scenarios" finished-at="2025-01-04T16:41:14 CET" duration-ms="18643" status="PASS">
          <params>
            <param index="0">
              <value>
                <![CDATA["Change site language"]]>
              </value>
            </param>
            <param index="1">
              <value>
                <![CDATA["Change language"]]>
              </value>
            </param>
          </params>
          <reporter-output>
          </reporter-output>
        </test-method> <!-- runScenario -->
        <test-method signature="runScenario(io.cucumber.testng.PickleWrapper,io.cucumber.testng.FeatureWrapper)[pri:0, instance:RunLanguageTest@687e99d8]" started-at="2025-01-04T16:41:14 CET" name="runScenario" description="Runs Cucumber Scenarios" data-provider="scenarios" finished-at="2025-01-04T16:41:33 CET" duration-ms="18562" status="PASS">
          <params>
            <param index="0">
              <value>
                <![CDATA["Change site language"]]>
              </value>
            </param>
            <param index="1">
              <value>
                <![CDATA["Change language"]]>
              </value>
            </param>
          </params>
          <reporter-output>
          </reporter-output>
        </test-method> <!-- runScenario -->
        <test-method is-config="true" signature="tearDownClass()[pri:0, instance:RunLanguageTest@687e99d8]" started-at="2025-01-04T16:41:33 CET" name="tearDownClass" finished-at="2025-01-04T16:41:33 CET" duration-ms="1" status="PASS">
          <reporter-output>
          </reporter-output>
        </test-method> <!-- tearDownClass -->
      </class> <!-- RunLanguageTest -->
    </test> <!-- Default test -->
  </suite> <!-- Default suite -->
</testng-results>
