<?xml version="1.0" encoding="UTF-8"?>
<testng-results ignored="0" total="3" passed="3" failed="0" skipped="0">
  <reporter-output>
  </reporter-output>
  <suite started-at="2024-12-15T19:08:24 CET" name="Default suite" finished-at="2024-12-15T19:09:02 CET" duration-ms="38353">
    <groups>
      <group name="cucumber">
        <method signature="AbstractTestNGCucumberTests.runScenario(io.cucumber.testng.PickleWrapper,io.cucumber.testng.FeatureWrapper)[pri:0, instance:RunTShirtTest@687e99d8]" name="runScenario" class="io.cucumber.testng.AbstractTestNGCucumberTests"/>
      </group> <!-- cucumber -->
    </groups>
    <test started-at="2024-12-15T19:08:24 CET" name="Default test" finished-at="2024-12-15T19:09:02 CET" duration-ms="38353">
      <class name="RunTShirtTest">
        <test-method is-config="true" signature="setUpClass(org.testng.ITestContext)[pri:0, instance:RunTShirtTest@687e99d8]" started-at="2024-12-15T19:08:24 CET" name="setUpClass" finished-at="2024-12-15T19:08:24 CET" duration-ms="139" status="PASS">
          <params>
            <param index="0">
              <value>
                <![CDATA[org.testng.TestRunner@61799544]]>
              </value>
            </param>
          </params>
          <reporter-output>
          </reporter-output>
        </test-method> <!-- setUpClass -->
        <test-method signature="runScenario(io.cucumber.testng.PickleWrapper,io.cucumber.testng.FeatureWrapper)[pri:0, instance:RunTShirtTest@687e99d8]" started-at="2024-12-15T19:08:24 CET" name="runScenario" description="Runs Cucumber Scenarios" data-provider="scenarios" finished-at="2024-12-15T19:08:37 CET" duration-ms="12975" status="PASS">
          <params>
            <param index="0">
              <value>
                <![CDATA["Show TShirt"]]>
              </value>
            </param>
            <param index="1">
              <value>
                <![CDATA["TShirt"]]>
              </value>
            </param>
          </params>
          <reporter-output>
          </reporter-output>
        </test-method> <!-- runScenario -->
        <test-method signature="runScenario(io.cucumber.testng.PickleWrapper,io.cucumber.testng.FeatureWrapper)[pri:0, instance:RunTShirtTest@687e99d8]" started-at="2024-12-15T19:08:37 CET" name="runScenario" description="Runs Cucumber Scenarios" data-provider="scenarios" finished-at="2024-12-15T19:08:50 CET" duration-ms="12673" status="PASS">
          <params>
            <param index="0">
              <value>
                <![CDATA["Show TShirt"]]>
              </value>
            </param>
            <param index="1">
              <value>
                <![CDATA["TShirt"]]>
              </value>
            </param>
          </params>
          <reporter-output>
          </reporter-output>
        </test-method> <!-- runScenario -->
        <test-method signature="runScenario(io.cucumber.testng.PickleWrapper,io.cucumber.testng.FeatureWrapper)[pri:0, instance:RunTShirtTest@687e99d8]" started-at="2024-12-15T19:08:50 CET" name="runScenario" description="Runs Cucumber Scenarios" data-provider="scenarios" finished-at="2024-12-15T19:09:02 CET" duration-ms="12529" status="PASS">
          <params>
            <param index="0">
              <value>
                <![CDATA["Show TShirt"]]>
              </value>
            </param>
            <param index="1">
              <value>
                <![CDATA["TShirt"]]>
              </value>
            </param>
          </params>
          <reporter-output>
          </reporter-output>
        </test-method> <!-- runScenario -->
        <test-method is-config="true" signature="tearDownClass()[pri:0, instance:RunTShirtTest@687e99d8]" started-at="2024-12-15T19:09:02 CET" name="tearDownClass" finished-at="2024-12-15T19:09:02 CET" duration-ms="1" status="PASS">
          <reporter-output>
          </reporter-output>
        </test-method> <!-- tearDownClass -->
      </class> <!-- RunTShirtTest -->
    </test> <!-- Default test -->
  </suite> <!-- Default suite -->
</testng-results>
